<?xml version="1.0" encoding="UTF-8"?>
<testsuite name="common.MathUtilsTest" tests="2" skipped="0" failures="0" errors="0" timestamp="2016-04-28T11:05:32" hostname="UNKNOWN" time="0.0">
  <properties/>
  <testcase name="threeForTwoTest" classname="common.MathUtilsTest" time="0.0"/>
  <testcase name="buyOneGetOneFreeTest" classname="common.MathUtilsTest" time="0.0"/>
  <system-out><![CDATA[]]></system-out>
  <system-err><![CDATA[]]></system-err>
</testsuite>
