<?xml version="1.0" encoding="UTF-8"?>
<testsuite name="price.PriceServiceImplTest" tests="1" skipped="0" failures="0" errors="0" timestamp="2016-04-28T11:05:32" hostname="UNKNOWN" time="0.001">
  <properties/>
  <testcase name="getPricesTest" classname="price.PriceServiceImplTest" time="0.001"/>
  <system-out><![CDATA[]]></system-out>
  <system-err><![CDATA[]]></system-err>
</testsuite>
