<?xml version="1.0" encoding="UTF-8"?>
<testsuite name="offers.OffersServiceImplTest" tests="1" skipped="0" failures="0" errors="0" timestamp="2016-04-28T11:05:32" hostname="UNKNOWN" time="0.0">
  <properties/>
  <testcase name="getOffersTest" classname="offers.OffersServiceImplTest" time="0.0"/>
  <system-out><![CDATA[]]></system-out>
  <system-err><![CDATA[]]></system-err>
</testsuite>
